  Alfa_Kostyuque.cpp
c:\users\карапас\documents\visual studio 2015\projects\alfa_kostyuque\alfa_kostyuque\alfa_kostyuque.cpp(227): warning C4996: 'strcpy': This function or variable may be unsafe. Consider using strcpy_s instead. To disable deprecation, use _CRT_SECURE_NO_WARNINGS. See online help for details.
  c:\program files (x86)\windows kits\10\include\10.0.10240.0\ucrt\string.h(119): note: see declaration of 'strcpy'
c:\users\карапас\documents\visual studio 2015\projects\alfa_kostyuque\alfa_kostyuque\alfa_kostyuque.cpp(462): warning C4996: 'itoa': The POSIX name for this item is deprecated. Instead, use the ISO C and C++ conformant name: _itoa. See online help for details.
  c:\program files (x86)\windows kits\10\include\10.0.10240.0\ucrt\stdlib.h(1316): note: see declaration of 'itoa'
c:\users\карапас\documents\visual studio 2015\projects\alfa_kostyuque\alfa_kostyuque\alfa_kostyuque.cpp(783): warning C4996: 'itoa': The POSIX name for this item is deprecated. Instead, use the ISO C and C++ conformant name: _itoa. See online help for details.
  c:\program files (x86)\windows kits\10\include\10.0.10240.0\ucrt\stdlib.h(1316): note: see declaration of 'itoa'
c:\users\карапас\documents\visual studio 2015\projects\alfa_kostyuque\alfa_kostyuque\alfa_kostyuque.cpp(787): warning C4996: 'itoa': The POSIX name for this item is deprecated. Instead, use the ISO C and C++ conformant name: _itoa. See online help for details.
  c:\program files (x86)\windows kits\10\include\10.0.10240.0\ucrt\stdlib.h(1316): note: see declaration of 'itoa'
c:\users\карапас\documents\visual studio 2015\projects\alfa_kostyuque\alfa_kostyuque\alfa_kostyuque.cpp(791): warning C4996: 'itoa': The POSIX name for this item is deprecated. Instead, use the ISO C and C++ conformant name: _itoa. See online help for details.
  c:\program files (x86)\windows kits\10\include\10.0.10240.0\ucrt\stdlib.h(1316): note: see declaration of 'itoa'
c:\users\карапас\documents\visual studio 2015\projects\alfa_kostyuque\alfa_kostyuque\alfa_kostyuque.cpp(807): warning C4996: 'itoa': The POSIX name for this item is deprecated. Instead, use the ISO C and C++ conformant name: _itoa. See online help for details.
  c:\program files (x86)\windows kits\10\include\10.0.10240.0\ucrt\stdlib.h(1316): note: see declaration of 'itoa'
c:\users\карапас\documents\visual studio 2015\projects\alfa_kostyuque\alfa_kostyuque\alfa_kostyuque.cpp(812): warning C4996: 'itoa': The POSIX name for this item is deprecated. Instead, use the ISO C and C++ conformant name: _itoa. See online help for details.
  c:\program files (x86)\windows kits\10\include\10.0.10240.0\ucrt\stdlib.h(1316): note: see declaration of 'itoa'
c:\users\карапас\documents\visual studio 2015\projects\alfa_kostyuque\alfa_kostyuque\alfa_kostyuque.cpp(902): warning C4996: 'itoa': The POSIX name for this item is deprecated. Instead, use the ISO C and C++ conformant name: _itoa. See online help for details.
  c:\program files (x86)\windows kits\10\include\10.0.10240.0\ucrt\stdlib.h(1316): note: see declaration of 'itoa'
c:\users\карапас\documents\visual studio 2015\projects\alfa_kostyuque\alfa_kostyuque\alfa_kostyuque.cpp(906): warning C4996: 'itoa': The POSIX name for this item is deprecated. Instead, use the ISO C and C++ conformant name: _itoa. See online help for details.
  c:\program files (x86)\windows kits\10\include\10.0.10240.0\ucrt\stdlib.h(1316): note: see declaration of 'itoa'
c:\users\карапас\documents\visual studio 2015\projects\alfa_kostyuque\alfa_kostyuque\alfa_kostyuque.cpp(910): warning C4996: 'itoa': The POSIX name for this item is deprecated. Instead, use the ISO C and C++ conformant name: _itoa. See online help for details.
  c:\program files (x86)\windows kits\10\include\10.0.10240.0\ucrt\stdlib.h(1316): note: see declaration of 'itoa'
c:\users\карапас\documents\visual studio 2015\projects\alfa_kostyuque\alfa_kostyuque\alfa_kostyuque.cpp(928): warning C4996: 'itoa': The POSIX name for this item is deprecated. Instead, use the ISO C and C++ conformant name: _itoa. See online help for details.
  c:\program files (x86)\windows kits\10\include\10.0.10240.0\ucrt\stdlib.h(1316): note: see declaration of 'itoa'
c:\users\карапас\documents\visual studio 2015\projects\alfa_kostyuque\alfa_kostyuque\alfa_kostyuque.cpp(933): warning C4996: 'itoa': The POSIX name for this item is deprecated. Instead, use the ISO C and C++ conformant name: _itoa. See online help for details.
  c:\program files (x86)\windows kits\10\include\10.0.10240.0\ucrt\stdlib.h(1316): note: see declaration of 'itoa'
c:\users\карапас\documents\visual studio 2015\projects\alfa_kostyuque\alfa_kostyuque\alfa_kostyuque.cpp(1656): warning C4996: 'fopen': This function or variable may be unsafe. Consider using fopen_s instead. To disable deprecation, use _CRT_SECURE_NO_WARNINGS. See online help for details.
  c:\program files (x86)\windows kits\10\include\10.0.10240.0\ucrt\stdio.h(205): note: see declaration of 'fopen'
c:\users\карапас\documents\visual studio 2015\projects\alfa_kostyuque\alfa_kostyuque\alfa_kostyuque.cpp(405): warning C4715: 'lexan': not all control paths return a value
  Alfa_Kostyuque.vcxproj -> C:\Users\Карапас\Documents\Visual Studio 2015\Projects\Alfa_Kostyuque\Debug\Alfa_Kostyuque.exe
  Alfa_Kostyuque.vcxproj -> C:\Users\Карапас\Documents\Visual Studio 2015\Projects\Alfa_Kostyuque\Debug\Alfa_Kostyuque.pdb (Full PDB)
